[2016-12-27 14:08:04] START
[2016-12-27 14:15:00] UPLOAD /home/linux/aces/web2py/applications/aces/static/web2py.plugin.layout_KeepitSimple.w2p: 58
[2016-12-27 14:15:16] DELETE aces/static/web2py.plugin.layout_KeepitSimple.w2p: -58
[2016-12-27 14:56:58] CREATE test.py: 0
[2016-12-27 14:57:23] DELETE aces/models/test.py: 0
[2016-12-27 14:57:29] CREATE test.py: 0
[2016-12-27 14:58:53] EDIT aces/controllers/test.py: 1
[2016-12-27 14:59:44] EDIT aces/controllers/test.py: 0
[2016-12-27 15:01:05] EDIT aces/controllers/test.py: 0
[2016-12-27 15:01:11] EDIT aces/controllers/test.py: 0
[2016-12-27 15:01:22] EDIT aces/controllers/test.py: -1
[2016-12-27 15:01:30] EDIT aces/controllers/test.py: 0
[2016-12-27 15:02:14] EDIT aces/controllers/test.py: 1
[2016-12-27 15:02:41] EDIT aces/controllers/test.py: 0
[2016-12-27 15:03:36] EDIT aces/controllers/test.py: 2
[2016-12-27 15:19:07] EDIT aces/models/menu.py: 1
[2016-12-27 15:19:35] EDIT aces/models/menu.py: 0
[2016-12-27 15:20:50] EDIT aces/models/menu.py: 0
[2016-12-27 15:21:26] EDIT aces/models/menu.py: 1
[2016-12-27 15:21:58] EDIT aces/models/menu.py: 0
[2016-12-27 15:23:21] EDIT aces/models/menu.py: 5
[2016-12-27 15:24:39] EDIT aces/models/menu.py: -1
[2016-12-27 15:25:20] EDIT aces/models/menu.py: 0
[2016-12-27 15:25:22] EDIT aces/models/menu.py: 0
[2016-12-27 15:25:48] EDIT aces/models/menu.py: 0
[2016-12-27 15:26:01] EDIT aces/models/menu.py: 0
[2016-12-27 15:26:25] EDIT aces/models/menu.py: 0
[2016-12-27 15:27:30] EDIT aces/models/menu.py: 0
[2016-12-27 15:27:59] EDIT aces/controllers/test.py: 0
[2016-12-27 18:03:49] EDIT aces/controllers/test.py: 0
[2016-12-27 18:21:08] EDIT aces/controllers/test.py: 0
[2016-12-27 18:22:35] EDIT aces/controllers/test.py: 0
[2016-12-28 16:25:49] EDIT aces/views/default/index.html: 1
[2016-12-28 16:27:06] EDIT aces/views/default/index.html: 0
[2017-02-22 00:11:44] CREATE linear-wave-test.py: 0
[2017-02-22 00:24:54] EDIT aces/controllers/default.py: 2
[2017-02-22 00:25:10] EDIT aces/controllers/default.py: 0
[2017-02-22 00:25:35] EDIT aces/controllers/default.py: -2
[2017-02-22 00:37:44] EDIT aces/controllers/linearwavetest2.py: 0
[2017-02-22 00:38:08] EDIT aces/controllers/linearwavetest2.py: 0
