[2016-11-13 21:47:21] START
[2016-11-13 21:47:21] CREATE test.py: 0
[2016-11-13 21:47:43] EDIT welcome/controllers/test.py: 1
[2016-11-13 21:51:04] EDIT welcome/controllers/test.py: 0
[2016-11-13 21:56:58] EDIT welcome/controllers/test.py: 1
[2016-11-13 21:57:29] EDIT welcome/controllers/test.py: 1
[2016-11-13 21:58:26] EDIT welcome/controllers/test.py: 1
[2016-11-13 21:58:30] EDIT welcome/controllers/test.py: 0
[2016-11-13 21:58:31] EDIT welcome/controllers/test.py: 0
[2016-11-13 21:59:05] EDIT welcome/controllers/test.py: 0
[2016-11-13 23:50:13] EDIT welcome/controllers/test.py: 0
[2016-11-13 23:50:48] EDIT welcome/controllers/test.py: 0
[2016-11-13 23:51:07] DELETE welcome/controllers/test.py: -5
[2016-11-13 23:51:47] CREATE test.py: 0
[2016-11-13 23:54:10] EDIT welcome/controllers/test.py: 0
[2016-11-13 23:54:41] EDIT welcome/controllers/test.py: 4
[2016-11-13 23:56:16] EDIT welcome/controllers/test.py: 3
[2016-11-13 23:56:28] EDIT welcome/controllers/test.py: 0
[2016-11-13 23:56:42] EDIT welcome/controllers/test.py: 0
[2016-11-13 23:56:49] EDIT welcome/controllers/test.py: 0
[2016-11-13 23:57:19] EDIT welcome/controllers/test.py: -1
[2016-11-13 23:58:10] EDIT welcome/controllers/test.py: 0
[2016-11-13 23:58:24] EDIT welcome/controllers/test.py: 0
[2016-11-13 23:58:40] EDIT welcome/controllers/test.py: 0
[2016-11-13 23:58:44] EDIT welcome/controllers/test.py: 0
[2016-11-13 23:58:47] EDIT welcome/controllers/test.py: 0
[2016-11-13 23:58:57] EDIT welcome/controllers/test.py: -2
[2016-11-14 00:00:44] EDIT welcome/controllers/test.py: 1
[2016-11-14 00:01:54] EDIT welcome/controllers/test.py: 0
[2016-11-14 00:02:06] EDIT welcome/controllers/test.py: 0
[2016-11-14 00:02:15] EDIT welcome/controllers/test.py: 0
[2016-11-14 00:02:17] EDIT welcome/controllers/test.py: 0
[2016-11-14 00:02:24] EDIT welcome/controllers/test.py: 0
